2024-10-31T14:04:09.552+04:00  INFO 24104 --- [api_gateway] [Test worker] c.e.a.ApiGatewayApplicationTests         : Starting ApiGatewayApplicationTests using Java 17.0.12 with PID 24104 (started by emil.qasimov in C:\Users\emil.qasimov\Desktop\Book_Selling\api_gateway)
2024-10-31T14:04:09.556+04:00  INFO 24104 --- [api_gateway] [Test worker] c.e.a.ApiGatewayApplicationTests         : No active profile set, falling back to 1 default profile: "default"
2024-10-31T14:04:10.980+04:00  INFO 24104 --- [api_gateway] [Test worker] o.s.cloud.context.scope.GenericScope     : BeanFactory id=63f96e0a-23dd-38e6-891a-b91a478ad61c
2024-10-31T14:04:11.092+04:00  WARN 24104 --- [api_gateway] [Test worker] trationDelegate$BeanPostProcessorChecker : Bean 'org.springframework.cloud.client.loadbalancer.LoadBalancerAutoConfiguration$DeferringLoadBalancerInterceptorConfig' of type [org.springframework.cloud.client.loadbalancer.LoadBalancerAutoConfiguration$DeferringLoadBalancerInterceptorConfig] is not eligible for getting processed by all BeanPostProcessors (for example: not eligible for auto-proxying). The currently created BeanPostProcessor [lbRestClientPostProcessor] is declared through a non-static factory method on that class; consider declaring it as static instead.
2024-10-31T14:04:11.095+04:00  WARN 24104 --- [api_gateway] [Test worker] trationDelegate$BeanPostProcessorChecker : Bean 'deferringLoadBalancerInterceptor' of type [org.springframework.cloud.client.loadbalancer.DeferringLoadBalancerInterceptor] is not eligible for getting processed by all BeanPostProcessors (for example: not eligible for auto-proxying). Is this bean getting eagerly injected/applied to a currently created BeanPostProcessor [lbRestClientPostProcessor]? Check the corresponding BeanPostProcessor declaration and its dependencies/advisors. If this bean does not have to be post-processed, declare it with ROLE_INFRASTRUCTURE.
2024-10-31T14:04:11.655+04:00 TRACE 24104 --- [api_gateway] [Test worker] .s.c.g.s.m.c.RouterFunctionHolderFactory : RouterFunctionHolder initializing with 0 map routes and 0 list routes
2024-10-31T14:04:11.658+04:00 TRACE 24104 --- [api_gateway] [Test worker] .s.c.g.s.m.c.RouterFunctionHolderFactory : RouterFunctionHolder initialized Never -> org.springframework.cloud.gateway.server.mvc.config.RouterFunctionHolderFactory$$Lambda$972/0x00000183b94b4330@3b35798
2024-10-31T14:04:12.942+04:00  INFO 24104 --- [api_gateway] [Test worker] DiscoveryClientOptionalArgsConfiguration : Eureka HTTP Client uses RestTemplate.
2024-10-31T14:04:13.227+04:00  WARN 24104 --- [api_gateway] [Test worker] iguration$LoadBalancerCaffeineWarnLogger : Spring Cloud LoadBalancer is currently working with the default cache. While this cache implementation is useful for development and tests, it's recommended to use Caffeine cache in production.You can switch to using Caffeine cache, by adding it and org.springframework.cache.caffeine.CaffeineCacheManager to the classpath.
2024-10-31T14:04:13.265+04:00  INFO 24104 --- [api_gateway] [Test worker] o.s.c.n.eureka.InstanceInfoFactory       : Setting initial instance status as: STARTING
2024-10-31T14:04:13.319+04:00  INFO 24104 --- [api_gateway] [Test worker] com.netflix.discovery.DiscoveryClient    : Initializing Eureka in region us-east-1
2024-10-31T14:04:13.332+04:00  INFO 24104 --- [api_gateway] [Test worker] c.n.d.s.r.aws.ConfigClusterResolver      : Resolving eureka endpoints via configuration
2024-10-31T14:04:13.357+04:00  INFO 24104 --- [api_gateway] [Test worker] com.netflix.discovery.DiscoveryClient    : Disable delta property : false
2024-10-31T14:04:13.358+04:00  INFO 24104 --- [api_gateway] [Test worker] com.netflix.discovery.DiscoveryClient    : Single vip registry refresh property : null
2024-10-31T14:04:13.359+04:00  INFO 24104 --- [api_gateway] [Test worker] com.netflix.discovery.DiscoveryClient    : Force full registry fetch : false
2024-10-31T14:04:13.359+04:00  INFO 24104 --- [api_gateway] [Test worker] com.netflix.discovery.DiscoveryClient    : Application is null : false
2024-10-31T14:04:13.360+04:00  INFO 24104 --- [api_gateway] [Test worker] com.netflix.discovery.DiscoveryClient    : Registered Applications size is zero : true
2024-10-31T14:04:13.360+04:00  INFO 24104 --- [api_gateway] [Test worker] com.netflix.discovery.DiscoveryClient    : Application version is -1: true
2024-10-31T14:04:13.360+04:00  INFO 24104 --- [api_gateway] [Test worker] com.netflix.discovery.DiscoveryClient    : Getting all instance registry info from the eureka server
2024-10-31T14:04:13.791+04:00  INFO 24104 --- [api_gateway] [Test worker] com.netflix.discovery.DiscoveryClient    : The response status is 200
2024-10-31T14:04:13.795+04:00  INFO 24104 --- [api_gateway] [Test worker] com.netflix.discovery.DiscoveryClient    : Starting heartbeat executor: renew interval is: 30
2024-10-31T14:04:13.800+04:00  INFO 24104 --- [api_gateway] [Test worker] c.n.discovery.InstanceInfoReplicator     : InstanceInfoReplicator onDemand update allowed rate per min is 4
2024-10-31T14:04:13.803+04:00  INFO 24104 --- [api_gateway] [Test worker] com.netflix.discovery.DiscoveryClient    : Discovery Client initialized at timestamp 1730369053802 with initial instances count: 1
2024-10-31T14:04:13.809+04:00  INFO 24104 --- [api_gateway] [Test worker] o.s.c.n.e.s.EurekaServiceRegistry        : Registering application API_GATEWAY with eureka with status UP
2024-10-31T14:04:13.810+04:00  INFO 24104 --- [api_gateway] [Test worker] com.netflix.discovery.DiscoveryClient    : Saw local status change event StatusChangeEvent [timestamp=1730369053810, current=UP, previous=STARTING]
2024-10-31T14:04:13.813+04:00  INFO 24104 --- [api_gateway] [DiscoveryClient-InstanceInfoReplicator-%d] com.netflix.discovery.DiscoveryClient    : DiscoveryClient_API_GATEWAY/api_gateway:8087: registering service...
2024-10-31T14:04:13.852+04:00  INFO 24104 --- [api_gateway] [Test worker] c.e.a.ApiGatewayApplicationTests         : Started ApiGatewayApplicationTests in 4.81 seconds (process running for 6.604)
2024-10-31T14:04:13.897+04:00  INFO 24104 --- [api_gateway] [DiscoveryClient-InstanceInfoReplicator-%d] com.netflix.discovery.DiscoveryClient    : DiscoveryClient_API_GATEWAY/api_gateway:8087 - registration status: 204
2024-10-31T14:04:15.212+04:00  INFO 24104 --- [api_gateway] [SpringApplicationShutdownHook] o.s.c.n.e.s.EurekaServiceRegistry        : Unregistering application API_GATEWAY with eureka with status DOWN
2024-10-31T14:04:15.213+04:00  INFO 24104 --- [api_gateway] [SpringApplicationShutdownHook] com.netflix.discovery.DiscoveryClient    : Saw local status change event StatusChangeEvent [timestamp=1730369055213, current=DOWN, previous=UP]
2024-10-31T14:04:15.213+04:00  INFO 24104 --- [api_gateway] [DiscoveryClient-InstanceInfoReplicator-%d] com.netflix.discovery.DiscoveryClient    : DiscoveryClient_API_GATEWAY/api_gateway:8087: registering service...
2024-10-31T14:04:15.220+04:00  INFO 24104 --- [api_gateway] [SpringApplicationShutdownHook] com.netflix.discovery.DiscoveryClient    : Shutting down DiscoveryClient ...
2024-10-31T14:04:15.224+04:00  INFO 24104 --- [api_gateway] [DiscoveryClient-InstanceInfoReplicator-%d] com.netflix.discovery.DiscoveryClient    : DiscoveryClient_API_GATEWAY/api_gateway:8087 - registration status: 204
2024-10-31T14:04:15.225+04:00  INFO 24104 --- [api_gateway] [SpringApplicationShutdownHook] com.netflix.discovery.DiscoveryClient    : Unregistering ...
2024-10-31T14:04:15.237+04:00  INFO 24104 --- [api_gateway] [SpringApplicationShutdownHook] com.netflix.discovery.DiscoveryClient    : DiscoveryClient_API_GATEWAY/api_gateway:8087 - deregister  status: 200
2024-10-31T14:04:15.237+04:00  INFO 24104 --- [api_gateway] [SpringApplicationShutdownHook] com.netflix.discovery.DiscoveryClient    : Completed shut down of DiscoveryClient
